  graph.cpp
C:\Users\menna\source\repos\DSfinal\DSfinal\graph.cpp(339,17): warning C4129: '{': unrecognized character escape sequence
C:\Users\menna\source\repos\DSfinal\DSfinal\graph.cpp(346,17): warning C4129: ' ': unrecognized character escape sequence
C:\Program Files\Microsoft Visual Studio\2022\Community\VC\Tools\MSVC\14.39.33519\include\utility(250,54): warning C4244: 'initializing': conversion from 'float' to '_Ty2', possible loss of data
C:\Program Files\Microsoft Visual Studio\2022\Community\VC\Tools\MSVC\14.39.33519\include\utility(250,54): warning C4244:         with
C:\Program Files\Microsoft Visual Studio\2022\Community\VC\Tools\MSVC\14.39.33519\include\utility(250,54): warning C4244:         [
C:\Program Files\Microsoft Visual Studio\2022\Community\VC\Tools\MSVC\14.39.33519\include\utility(250,54): warning C4244:             _Ty2=int
C:\Program Files\Microsoft Visual Studio\2022\Community\VC\Tools\MSVC\14.39.33519\include\utility(250,54): warning C4244:         ]
  (compiling source file 'graph.cpp')
  C:\Program Files\Microsoft Visual Studio\2022\Community\VC\Tools\MSVC\14.39.33519\include\utility(250,54):
  the template instantiation context (the oldest one first) is
  	C:\Users\menna\source\repos\DSfinal\DSfinal\graph.cpp(244,25):
  	see reference to function template instantiation 'std::pair<std::string,int>::pair<std::string&,float&,0>(_Other1,_Other2) noexcept(false)' being compiled
          with
          [
              _Other1=std::string &,
              _Other2=float &
          ]
  		C:\Users\menna\source\repos\DSfinal\DSfinal\graph.cpp(244,24):
  		see the first reference to 'std::pair<std::string,int>::pair' in 'graph::add_road'
  
  DSfinal.vcxproj -> C:\Users\menna\source\repos\DSfinal\x64\Debug\DSfinal.exe
